<?xml version="1.0" encoding="UTF-8"?>
<!-- Generated by org.testng.reporters.JUnitReportReporter -->
<testsuite hostname="TYSS-Sumanth" failures="0" tests="1" name="bikes.TC_Bikes_010_Test" time="15.251" errors="0" timestamp="2023-01-20T16:57:38 IST" skipped="0">
  <testcase classname="bikes.TC_Bikes_010_Test" name="triumph" time="15.251"/>
  <system-out/>
</testsuite> <!-- bikes.TC_Bikes_010_Test -->
