<?xml version="1.0" encoding="UTF-8"?>
<!-- Generated by org.testng.reporters.JUnitReportReporter -->
<testsuite hostname="TYSS-Sumanth" failures="0" tests="1" name="demo.LaunchBrowser" time="6.695" errors="0" timestamp="18 Jan 2023 11:39:23 GMT" skipped="0">
  <testcase classname="demo.LaunchBrowser" name="add" time="6.695"/>
</testsuite> <!-- demo.LaunchBrowser -->
