<?xml version="1.0" encoding="UTF-8"?>
<!-- Generated by org.testng.reporters.JUnitReportReporter -->
<testsuite hostname="TYSS-Sumanth" failures="0" tests="1" name="bikes.TC_Bikes_013_Test" time="11.641" errors="0" timestamp="2023-01-20T16:59:33 IST" skipped="0">
  <testcase classname="bikes.TC_Bikes_013_Test" name="kawasaki" time="11.641"/>
  <system-out/>
</testsuite> <!-- bikes.TC_Bikes_013_Test -->
